c:\users\ox\documents\visual studio 2015\projects\calendargame\calendargame\x64\release\vc140.pdb
c:\users\ox\documents\visual studio 2015\projects\calendargame\calendargame\x64\release\textbox.obj
c:\users\ox\documents\visual studio 2015\projects\calendargame\calendargame\x64\release\scrollwindow.obj
c:\users\ox\documents\visual studio 2015\projects\calendargame\calendargame\x64\release\pxbutton.obj
c:\users\ox\documents\visual studio 2015\projects\calendargame\calendargame\x64\release\ownutilities.obj
c:\users\ox\documents\visual studio 2015\projects\calendargame\calendargame\x64\release\noteinf.obj
c:\users\ox\documents\visual studio 2015\projects\calendargame\calendargame\x64\release\note.obj
c:\users\ox\documents\visual studio 2015\projects\calendargame\calendargame\x64\release\calendargame.obj
c:\users\ox\documents\visual studio 2015\projects\calendargame\x64\release\calendargame.exe
c:\users\ox\documents\visual studio 2015\projects\calendargame\calendargame\x64\release\calendargame.tlog\cl.command.1.tlog
c:\users\ox\documents\visual studio 2015\projects\calendargame\calendargame\x64\release\calendargame.tlog\cl.read.1.tlog
c:\users\ox\documents\visual studio 2015\projects\calendargame\calendargame\x64\release\calendargame.tlog\cl.write.1.tlog
c:\users\ox\documents\visual studio 2015\projects\calendargame\calendargame\x64\release\calendargame.tlog\link-dw20-dwwin.read.1.tlog
c:\users\ox\documents\visual studio 2015\projects\calendargame\calendargame\x64\release\calendargame.tlog\link-dw20-dwwin.read.2.tlog
c:\users\ox\documents\visual studio 2015\projects\calendargame\calendargame\x64\release\calendargame.tlog\link-dw20-dwwin.read.7.tlog
c:\users\ox\documents\visual studio 2015\projects\calendargame\calendargame\x64\release\calendargame.tlog\link-dw20-dwwin.write.1.tlog
c:\users\ox\documents\visual studio 2015\projects\calendargame\calendargame\x64\release\calendargame.tlog\link-dw20.read.1.tlog
c:\users\ox\documents\visual studio 2015\projects\calendargame\calendargame\x64\release\calendargame.tlog\link.command.1.tlog
c:\users\ox\documents\visual studio 2015\projects\calendargame\calendargame\x64\release\calendargame.tlog\link.read.1.tlog
c:\users\ox\documents\visual studio 2015\projects\calendargame\calendargame\x64\release\calendargame.tlog\link.read.3.tlog
c:\users\ox\documents\visual studio 2015\projects\calendargame\calendargame\x64\release\calendargame.tlog\link.write.1.tlog
