  CalendarGame.cpp
E:\Desktop\Проекты\CalendarGame\CalendarGame\ownUtilities.h(12): warning C4307: -: переполнение целой константы
E:\Desktop\Проекты\CalendarGame\CalendarGame\PxButton.h(9): warning C4305: инициализация: усечение из "double" в "float"
E:\Desktop\Проекты\CalendarGame\CalendarGame\Note.h(23): warning C4244: инициализация: преобразование "float" в "uint16_t", возможна потеря данных
E:\Desktop\Проекты\CalendarGame\CalendarGame\Note.h(24): warning C4244: инициализация: преобразование "float" в "uint16_t", возможна потеря данных
E:\Desktop\Проекты\CalendarGame\CalendarGame\CalendarGame.cpp(181): warning C4244: аргумент: преобразование "const uint64_t" в "int", возможна потеря данных
E:\Desktop\Проекты\CalendarGame\CalendarGame\CalendarGame.cpp(185): warning C4244: инициализация: преобразование "int64_t" в "int16_t", возможна потеря данных
E:\Desktop\Проекты\CalendarGame\CalendarGame\CalendarGame.cpp(186): warning C4244: инициализация: преобразование "int64_t" в "int16_t", возможна потеря данных
E:\Desktop\Проекты\CalendarGame\CalendarGame\CalendarGame.cpp(188): warning C4018: <: несоответствие типов со знаком и без знака
E:\Desktop\Проекты\CalendarGame\CalendarGame\CalendarGame.cpp(233): warning C4305: =: усечение из "double" в "float"
E:\Desktop\Проекты\CalendarGame\CalendarGame\CalendarGame.cpp(234): warning C4305: =: усечение из "double" в "float"
E:\Desktop\Проекты\CalendarGame\CalendarGame\CalendarGame.cpp(241): warning C4305: =: усечение из "double" в "float"
E:\Desktop\Проекты\CalendarGame\CalendarGame\CalendarGame.cpp(242): warning C4305: =: усечение из "double" в "float"
E:\Desktop\Проекты\CalendarGame\CalendarGame\CalendarGame.cpp(251): warning C4305: =: усечение из "double" в "float"
E:\Desktop\Проекты\CalendarGame\CalendarGame\CalendarGame.cpp(289): warning C4305: =: усечение из "double" в "float"
E:\Desktop\Проекты\CalendarGame\CalendarGame\CalendarGame.cpp(297): warning C4305: =: усечение из "double" в "float"
E:\Desktop\Проекты\CalendarGame\CalendarGame\CalendarGame.cpp(298): warning C4305: =: усечение из "double" в "float"
E:\Desktop\Проекты\CalendarGame\CalendarGame\CalendarGame.cpp(304): warning C4305: =: усечение из "double" в "float"
E:\Desktop\Проекты\CalendarGame\CalendarGame\CalendarGame.cpp(305): warning C4305: =: усечение из "double" в "float"
E:\Desktop\Проекты\CalendarGame\CalendarGame\CalendarGame.cpp(349): warning C4305: =: усечение из "double" в "float"
E:\Desktop\Проекты\CalendarGame\CalendarGame\CalendarGame.cpp(350): warning C4305: =: усечение из "double" в "float"
E:\Desktop\Проекты\CalendarGame\CalendarGame\CalendarGame.cpp(363): warning C4305: =: усечение из "double" в "float"
E:\Desktop\Проекты\CalendarGame\CalendarGame\CalendarGame.cpp(370): warning C4305: =: усечение из "double" в "float"
E:\Desktop\Проекты\CalendarGame\CalendarGame\CalendarGame.cpp(398): warning C4244: +=: преобразование "double" в "T", возможна потеря данных
          with
          [
              T=float
          ]
E:\Desktop\Проекты\CalendarGame\CalendarGame\CalendarGame.cpp(409): warning C4244: аргумент: преобразование "size_t" в "T", возможна потеря данных
          with
          [
              T=float
          ]
E:\Desktop\Проекты\CalendarGame\CalendarGame\CalendarGame.cpp(500): warning C4244: аргумент: преобразование "const float" в "uint16_t", возможна потеря данных
E:\Desktop\Проекты\CalendarGame\CalendarGame\CalendarGame.cpp(501): warning C4244: =: преобразование "int64_t" в "uint16_t", возможна потеря данных
E:\Desktop\Проекты\CalendarGame\CalendarGame\CalendarGame.cpp(525): warning C4267: =: преобразование из "size_t" в "int"; возможна потеря данных
E:\Desktop\Проекты\CalendarGame\CalendarGame\CalendarGame.cpp(532): warning C4244: аргумент: преобразование "int64_t" в "uint8_t", возможна потеря данных
E:\Desktop\Проекты\CalendarGame\CalendarGame\CalendarGame.cpp(532): warning C4244: аргумент: преобразование "int64_t" в "int", возможна потеря данных
E:\Desktop\Проекты\CalendarGame\CalendarGame\CalendarGame.cpp(588): warning C4244: аргумент: преобразование "int" в "float", возможна потеря данных
E:\Desktop\Проекты\CalendarGame\CalendarGame\CalendarGame.cpp(627): warning C4267: +=: преобразование из "size_t" в "uint32_t"; возможна потеря данных
E:\Desktop\Проекты\CalendarGame\CalendarGame\CalendarGame.cpp(631): warning C4267: =: преобразование из "size_t" в "uint32_t"; возможна потеря данных
E:\Desktop\Проекты\CalendarGame\CalendarGame\CalendarGame.cpp(632): warning C4267: аргумент: преобразование из "size_t" в "uint8_t"; возможна потеря данных
E:\Desktop\Проекты\CalendarGame\CalendarGame\CalendarGame.cpp(632): warning C4244: аргумент: преобразование "int64_t" в "int", возможна потеря данных
E:\Desktop\Проекты\CalendarGame\CalendarGame\CalendarGame.cpp(660): warning C4267: аргумент: преобразование из "size_t" в "int16_t"; возможна потеря данных
E:\Desktop\Проекты\CalendarGame\CalendarGame\CalendarGame.cpp(708): warning C4267: аргумент: преобразование из "size_t" в "int16_t"; возможна потеря данных
E:\Desktop\Проекты\CalendarGame\CalendarGame\CalendarGame.cpp(716): warning C4244: аргумент: преобразование "const uint64_t" в "int", возможна потеря данных
E:\Desktop\Проекты\CalendarGame\CalendarGame\CalendarGame.cpp(719): warning C4018: <: несоответствие типов со знаком и без знака
E:\Desktop\Проекты\CalendarGame\CalendarGame\CalendarGame.cpp(733): warning C4267: аргумент: преобразование из "size_t" в "int16_t"; возможна потеря данных
E:\Desktop\Проекты\CalendarGame\CalendarGame\CalendarGame.cpp(751): warning C4267: аргумент: преобразование из "size_t" в "int16_t"; возможна потеря данных
E:\Desktop\Проекты\CalendarGame\CalendarGame\CalendarGame.cpp(782): warning C4244: аргумент: преобразование "int64_t" в "uint8_t", возможна потеря данных
E:\Desktop\Проекты\CalendarGame\CalendarGame\CalendarGame.cpp(782): warning C4244: аргумент: преобразование "int64_t" в "int", возможна потеря данных
E:\Desktop\Проекты\CalendarGame\CalendarGame\CalendarGame.cpp(888): warning C4244: аргумент: преобразование "int" в "float", возможна потеря данных
E:\Desktop\Проекты\CalendarGame\CalendarGame\CalendarGame.cpp(889): warning C4244: аргумент: преобразование "int" в "float", возможна потеря данных
E:\Desktop\Проекты\CalendarGame\CalendarGame\CalendarGame.cpp(890): warning C4244: аргумент: преобразование "int" в "float", возможна потеря данных
E:\Desktop\Проекты\CalendarGame\CalendarGame\CalendarGame.cpp(891): warning C4244: аргумент: преобразование "int" в "float", возможна потеря данных
E:\Desktop\Проекты\CalendarGame\CalendarGame\CalendarGame.cpp(892): warning C4244: аргумент: преобразование "int" в "float", возможна потеря данных
E:\Desktop\Проекты\CalendarGame\CalendarGame\CalendarGame.cpp(893): warning C4244: аргумент: преобразование "int" в "float", возможна потеря данных
E:\Desktop\Проекты\CalendarGame\CalendarGame\CalendarGame.cpp(894): warning C4244: аргумент: преобразование "int" в "float", возможна потеря данных
E:\Desktop\Проекты\CalendarGame\CalendarGame\CalendarGame.cpp(900): warning C4244: аргумент: преобразование "int" в "float", возможна потеря данных
E:\Desktop\Проекты\CalendarGame\CalendarGame\CalendarGame.cpp(901): warning C4244: аргумент: преобразование "int" в "float", возможна потеря данных
E:\Desktop\Проекты\CalendarGame\CalendarGame\CalendarGame.cpp(902): warning C4244: аргумент: преобразование "int" в "float", возможна потеря данных
E:\Desktop\Проекты\CalendarGame\CalendarGame\CalendarGame.cpp(903): warning C4244: аргумент: преобразование "int" в "float", возможна потеря данных
E:\Desktop\Проекты\CalendarGame\CalendarGame\CalendarGame.cpp(904): warning C4244: аргумент: преобразование "int" в "float", возможна потеря данных
E:\Desktop\Проекты\CalendarGame\CalendarGame\CalendarGame.cpp(908): warning C4244: аргумент: преобразование "int" в "float", возможна потеря данных
E:\Desktop\Проекты\CalendarGame\CalendarGame\CalendarGame.cpp(909): warning C4244: аргумент: преобразование "int" в "float", возможна потеря данных
E:\Desktop\Проекты\CalendarGame\CalendarGame\CalendarGame.cpp(910): warning C4244: аргумент: преобразование "int" в "float", возможна потеря данных
E:\Desktop\Проекты\CalendarGame\CalendarGame\CalendarGame.cpp(911): warning C4244: аргумент: преобразование "int" в "float", возможна потеря данных
E:\Desktop\Проекты\CalendarGame\CalendarGame\CalendarGame.cpp(912): warning C4244: аргумент: преобразование "int" в "float", возможна потеря данных
E:\Desktop\Проекты\CalendarGame\CalendarGame\CalendarGame.cpp(913): warning C4244: аргумент: преобразование "int" в "float", возможна потеря данных
E:\Desktop\Проекты\CalendarGame\CalendarGame\CalendarGame.cpp(920): warning C4244: аргумент: преобразование "int" в "float", возможна потеря данных
E:\Desktop\Проекты\CalendarGame\CalendarGame\CalendarGame.cpp(921): warning C4244: аргумент: преобразование "int" в "float", возможна потеря данных
E:\Desktop\Проекты\CalendarGame\CalendarGame\CalendarGame.cpp(927): warning C4244: аргумент: преобразование "int" в "float", возможна потеря данных
E:\Desktop\Проекты\CalendarGame\CalendarGame\CalendarGame.cpp(929): warning C4244: аргумент: преобразование "int" в "float", возможна потеря данных
E:\Desktop\Проекты\CalendarGame\CalendarGame\CalendarGame.cpp(930): warning C4244: аргумент: преобразование "int" в "float", возможна потеря данных
E:\Desktop\Проекты\CalendarGame\CalendarGame\CalendarGame.cpp(938): warning C4244: аргумент: преобразование "int" в "float", возможна потеря данных
E:\Desktop\Проекты\CalendarGame\CalendarGame\CalendarGame.cpp(940): warning C4244: аргумент: преобразование "int" в "float", возможна потеря данных
E:\Desktop\Проекты\CalendarGame\CalendarGame\CalendarGame.cpp(942): warning C4244: аргумент: преобразование "int" в "float", возможна потеря данных
E:\Desktop\Проекты\CalendarGame\CalendarGame\CalendarGame.cpp(944): warning C4244: аргумент: преобразование "int" в "float", возможна потеря данных
E:\Desktop\Проекты\CalendarGame\CalendarGame\CalendarGame.cpp(947): warning C4244: аргумент: преобразование "int" в "float", возможна потеря данных
E:\Desktop\Проекты\CalendarGame\CalendarGame\CalendarGame.cpp(952): warning C4244: аргумент: преобразование "int" в "float", возможна потеря данных
E:\Desktop\Проекты\CalendarGame\CalendarGame\CalendarGame.cpp(954): warning C4244: аргумент: преобразование "int" в "T", возможна потеря данных
          with
          [
              T=float
          ]
E:\Desktop\Проекты\CalendarGame\CalendarGame\CalendarGame.cpp(958): warning C4244: инициализация: преобразование "T" в "int", возможна потеря данных
          with
          [
              T=float
          ]
E:\Desktop\Проекты\CalendarGame\CalendarGame\CalendarGame.cpp(963): warning C4244: аргумент: преобразование "int" в "float", возможна потеря данных
E:\Desktop\Проекты\CalendarGame\CalendarGame\CalendarGame.cpp(976): warning C4244: аргумент: преобразование "int" в "float", возможна потеря данных
E:\Desktop\Проекты\CalendarGame\CalendarGame\CalendarGame.cpp(985): warning C4244: аргумент: преобразование "int" в "float", возможна потеря данных
E:\Desktop\Проекты\CalendarGame\CalendarGame\CalendarGame.cpp(995): warning C4244: аргумент: преобразование "int" в "float", возможна потеря данных
E:\Desktop\Проекты\CalendarGame\CalendarGame\CalendarGame.cpp(1005): warning C4244: аргумент: преобразование "int" в "float", возможна потеря данных
E:\Desktop\Проекты\CalendarGame\CalendarGame\CalendarGame.cpp(1009): warning C4244: аргумент: преобразование "int" в "float", возможна потеря данных
E:\Desktop\Проекты\CalendarGame\CalendarGame\CalendarGame.cpp(1013): warning C4244: инициализация: преобразование "int64_t" в "int8_t", возможна потеря данных
E:\Desktop\Проекты\CalendarGame\CalendarGame\CalendarGame.cpp(1014): warning C4244: инициализация: преобразование "int64_t" в "int8_t", возможна потеря данных
E:\Desktop\Проекты\CalendarGame\CalendarGame\CalendarGame.cpp(1015): warning C4244: инициализация: преобразование "int64_t" в "int16_t", возможна потеря данных
E:\Desktop\Проекты\CalendarGame\CalendarGame\CalendarGame.cpp(1016): warning C4244: инициализация: преобразование "int64_t" в "int16_t", возможна потеря данных
E:\Desktop\Проекты\CalendarGame\CalendarGame\CalendarGame.cpp(1017): warning C4244: аргумент: преобразование "int64_t" в "int", возможна потеря данных
E:\Desktop\Проекты\CalendarGame\CalendarGame\CalendarGame.cpp(1035): warning C4244: аргумент: преобразование "int" в "float", возможна потеря данных
E:\Desktop\Проекты\CalendarGame\CalendarGame\CalendarGame.cpp(1047): warning C4244: аргумент: преобразование "int" в "float", возможна потеря данных
E:\Desktop\Проекты\CalendarGame\CalendarGame\CalendarGame.cpp(1060): warning C4244: аргумент: преобразование "int" в "float", возможна потеря данных
E:\Desktop\Проекты\CalendarGame\CalendarGame\CalendarGame.cpp(1074): warning C4244: аргумент: преобразование "int" в "float", возможна потеря данных
E:\Desktop\Проекты\CalendarGame\CalendarGame\CalendarGame.cpp(1076): warning C4244: аргумент: преобразование "int64_t" в "int16_t", возможна потеря данных
E:\Desktop\Проекты\CalendarGame\CalendarGame\CalendarGame.cpp(1079): warning C4244: аргумент: преобразование "int" в "float", возможна потеря данных
E:\Desktop\Проекты\CalendarGame\CalendarGame\CalendarGame.cpp(1085): warning C4244: аргумент: преобразование "int" в "float", возможна потеря данных
E:\Desktop\Проекты\CalendarGame\CalendarGame\CalendarGame.cpp(1094): warning C4244: аргумент: преобразование "int" в "float", возможна потеря данных
E:\Desktop\Проекты\CalendarGame\CalendarGame\CalendarGame.cpp(1104): warning C4244: аргумент: преобразование "int" в "float", возможна потеря данных
E:\Desktop\Проекты\CalendarGame\CalendarGame\CalendarGame.cpp(1109): warning C4244: аргумент: преобразование "int" в "float", возможна потеря данных
E:\Desktop\Проекты\CalendarGame\CalendarGame\CalendarGame.cpp(1111): warning C4244: =: преобразование "float" в "uint16_t", возможна потеря данных
E:\Desktop\Проекты\CalendarGame\CalendarGame\CalendarGame.cpp(1114): warning C4244: аргумент: преобразование "int" в "float", возможна потеря данных
E:\Desktop\Проекты\CalendarGame\CalendarGame\CalendarGame.cpp(1116): warning C4244: аргумент: преобразование "int64_t" в "int16_t", возможна потеря данных
E:\Desktop\Проекты\CalendarGame\CalendarGame\CalendarGame.cpp(1120): warning C4244: аргумент: преобразование "int" в "float", возможна потеря данных
E:\Desktop\Проекты\CalendarGame\CalendarGame\CalendarGame.cpp(1136): warning C4244: аргумент: преобразование "int" в "float", возможна потеря данных
E:\Desktop\Проекты\CalendarGame\CalendarGame\CalendarGame.cpp(1154): warning C4244: аргумент: преобразование "int" в "float", возможна потеря данных
E:\Desktop\Проекты\CalendarGame\CalendarGame\CalendarGame.cpp(1158): warning C4244: аргумент: преобразование "int" в "float", возможна потеря данных
E:\Desktop\Проекты\CalendarGame\CalendarGame\CalendarGame.cpp(1159): warning C4244: аргумент: преобразование "int" в "float", возможна потеря данных
E:\Desktop\Проекты\CalendarGame\CalendarGame\CalendarGame.cpp(1160): warning C4244: аргумент: преобразование "int" в "float", возможна потеря данных
E:\Desktop\Проекты\CalendarGame\CalendarGame\CalendarGame.cpp(1161): warning C4244: аргумент: преобразование "int" в "float", возможна потеря данных
E:\Desktop\Проекты\CalendarGame\CalendarGame\CalendarGame.cpp(1257): warning C4305: аргумент: усечение из "double" в "float"
E:\Desktop\Проекты\CalendarGame\CalendarGame\CalendarGame.cpp(1258): warning C4305: аргумент: усечение из "double" в "float"
E:\Desktop\Проекты\CalendarGame\CalendarGame\CalendarGame.cpp(1337): warning C4244: аргумент: преобразование "float" в "const unsigned __int64", возможна потеря данных
LINK : warning LNK4075: не учитывается "/INCREMENTAL" из-за спецификации "/LTCG"
  Создание кода
  0 of 768 functions ( 0.0%) were compiled, the rest were copied from previous compilation.
    0 functions were new in current compilation
    0 functions had inline decision re-evaluated but remain unchanged
  Создание кода завершено
  CalendarGame.vcxproj -> E:\Desktop\Проекты\CalendarGame\x64\Release\CalendarGame.exe
