Сборка начата 21.11.2019 4:57:28.
     1>Проект "C:\Users\Ox\Documents\Visual Studio 2015\Projects\CalendarGame\CalendarGame\CalendarGame.vcxproj" в узле 2 (целевые объекты Build).
     1>ClCompile:
         D:\Program Files\Visual Studio 2015 Enterprise\VC\bin\x86_amd64\CL.exe /c /I"D:\SFML\x64\SFML-2.5.1\include" /ZI /nologo /W3 /WX- /sdl /Od /D _UNICODE /D UNICODE /Gm /EHsc /RTC1 /MDd /GS /fp:precise /Zc:wchar_t /Zc:forScope /Zc:inline /Fo"x64\Debug\\" /Fd"x64\Debug\vc140.pdb" /Gd /TP /errorReport:prompt CalendarGame.cpp
         CalendarGame.cpp
     1>c:\users\ox\documents\visual studio 2015\projects\calendargame\calendargame\pxbutton.h(10): warning C4305: инициализация: усечение из "double" к "float"
     1>c:\users\ox\documents\visual studio 2015\projects\calendargame\calendargame\textbox.h(8): warning C4244: инициализация: преобразование "double" в "const uint16_t", возможна потеря данных
     1>c:\users\ox\documents\visual studio 2015\projects\calendargame\calendargame\note.h(23): warning C4244: инициализация: преобразование "float" в "uint16_t", возможна потеря данных
     1>c:\users\ox\documents\visual studio 2015\projects\calendargame\calendargame\note.h(24): warning C4244: инициализация: преобразование "float" в "uint16_t", возможна потеря данных
     1>c:\users\ox\documents\visual studio 2015\projects\calendargame\calendargame\calendargame.cpp(31): warning C4244: аргумент: преобразование "const size_t" в "float", возможна потеря данных
     1>c:\users\ox\documents\visual studio 2015\projects\calendargame\calendargame\calendargame.cpp(37): warning C4244: аргумент: преобразование "const size_t" в "float", возможна потеря данных
     1>c:\users\ox\documents\visual studio 2015\projects\calendargame\calendargame\calendargame.cpp(53): warning C4305: =: усечение из "double" к "float"
     1>c:\users\ox\documents\visual studio 2015\projects\calendargame\calendargame\calendargame.cpp(61): warning C4305: =: усечение из "double" к "float"
     1>c:\users\ox\documents\visual studio 2015\projects\calendargame\calendargame\calendargame.cpp(146): warning C4267: =: преобразование из "size_t" в "int"; возможна потеря данных
     1>c:\users\ox\documents\visual studio 2015\projects\calendargame\calendargame\calendargame.cpp(198): warning C4244: аргумент: преобразование "int" в "float", возможна потеря данных
     1>c:\users\ox\documents\visual studio 2015\projects\calendargame\calendargame\calendargame.cpp(200): warning C4244: аргумент: преобразование "int" в "float", возможна потеря данных
     1>c:\users\ox\documents\visual studio 2015\projects\calendargame\calendargame\calendargame.cpp(201): warning C4244: аргумент: преобразование "int" в "float", возможна потеря данных
     1>c:\users\ox\documents\visual studio 2015\projects\calendargame\calendargame\calendargame.cpp(202): warning C4244: аргумент: преобразование "int" в "float", возможна потеря данных
     1>c:\users\ox\documents\visual studio 2015\projects\calendargame\calendargame\calendargame.cpp(208): warning C4244: аргумент: преобразование "int" в "float", возможна потеря данных
     1>c:\users\ox\documents\visual studio 2015\projects\calendargame\calendargame\calendargame.cpp(210): warning C4244: аргумент: преобразование "int" в "float", возможна потеря данных
     1>c:\users\ox\documents\visual studio 2015\projects\calendargame\calendargame\calendargame.cpp(212): warning C4244: аргумент: преобразование "int" в "float", возможна потеря данных
     1>c:\users\ox\documents\visual studio 2015\projects\calendargame\calendargame\calendargame.cpp(228): warning C4244: аргумент: преобразование "int" в "float", возможна потеря данных
     1>c:\users\ox\documents\visual studio 2015\projects\calendargame\calendargame\calendargame.cpp(233): warning C4244: аргумент: преобразование "int" в "float", возможна потеря данных
     1>c:\users\ox\documents\visual studio 2015\projects\calendargame\calendargame\calendargame.cpp(235): warning C4244: =: преобразование "float" в "uint16_t", возможна потеря данных
     1>c:\users\ox\documents\visual studio 2015\projects\calendargame\calendargame\calendargame.cpp(238): warning C4244: аргумент: преобразование "int" в "float", возможна потеря данных
     1>c:\users\ox\documents\visual studio 2015\projects\calendargame\calendargame\calendargame.cpp(251): warning C4244: аргумент: преобразование "int" в "float", возможна потеря данных
     1>c:\users\ox\documents\visual studio 2015\projects\calendargame\calendargame\calendargame.cpp(252): warning C4244: аргумент: преобразование "int" в "float", возможна потеря данных
     1>c:\users\ox\documents\visual studio 2015\projects\calendargame\calendargame\calendargame.cpp(315): warning C4244: аргумент: преобразование "float" в "unsigned __int64", возможна потеря данных
       Link:
         D:\Program Files\Visual Studio 2015 Enterprise\VC\bin\x86_amd64\link.exe /ERRORREPORT:PROMPT /OUT:"C:\Users\Ox\Documents\Visual Studio 2015\Projects\CalendarGame\x64\Debug\CalendarGame.exe" /INCREMENTAL:NO /NOLOGO /LIBPATH:"D:\SFML\x64\SFML-2.5.1\lib" kernel32.lib user32.lib gdi32.lib winspool.lib comdlg32.lib advapi32.lib shell32.lib ole32.lib oleaut32.lib uuid.lib odbc32.lib odbccp32.lib kernel32.lib user32.lib gdi32.lib winspool.lib comdlg32.lib advapi32.lib shell32.lib ole32.lib oleaut32.lib uuid.lib odbc32.lib odbccp32.lib "sfml-graphics.lib" "sfml-window.lib" "sfml-system.lib" "sfml-audio.lib" /MANIFEST /MANIFESTUAC:"level='asInvoker' uiAccess='false'" /manifest:embed /Debug /PDB:"C:\Users\Ox\Documents\Visual Studio 2015\Projects\CalendarGame\x64\Debug\CalendarGame.pdb" /TLBID:1 /DYNAMICBASE /NXCOMPAT /IMPLIB:"C:\Users\Ox\Documents\Visual Studio 2015\Projects\CalendarGame\x64\Debug\CalendarGame.lib" /MACHINE:X64 x64\Debug\CalendarGame.obj
         x64\Debug\Note.obj
         x64\Debug\NoteInf.obj
         x64\Debug\ownUtilities.obj
         x64\Debug\PxButton.obj
         x64\Debug\ScrollWindow.obj
         x64\Debug\TextBox.obj
     1>CalendarGame.obj : warning LNK4075: не учитывается "/EDITANDCONTINUE" из-за спецификации "/OPT:LBR"
         CalendarGame.vcxproj -> C:\Users\Ox\Documents\Visual Studio 2015\Projects\CalendarGame\x64\Debug\CalendarGame.exe
     1>Сборка проекта "C:\Users\Ox\Documents\Visual Studio 2015\Projects\CalendarGame\CalendarGame\CalendarGame.vcxproj" завершена (целевые объекты Build).

Сборка успешно завершена.

Затраченное время: 00:00:03.03
